<?xml version="1.0" encoding="UTF-8"?>
<testsuite name="ChattyBotTest" tests="1" skipped="0" failures="0" errors="0" timestamp="2021-01-10T11:10:32" hostname="LAPTOP-88QFCTG2" time="0.066">
  <properties/>
  <testcase name="start" classname="ChattyBotTest" time="0.066"/>
  <system-out><![CDATA[?[1;31m
Start test 1?[0m
Hello! My name is Kuek Yong Boon.
I was created in 2020
]]></system-out>
  <system-err><![CDATA[]]></system-err>
</testsuite>
